<?xml version="1.0" encoding="UTF-8"?>
<testsuite name="SabanaResearchTest" tests="1" skipped="0" failures="0" errors="0" timestamp="2021-03-12T23:27:21" hostname="LAPTOP-UU1M9U8A" time="0.035">
  <properties/>
  <testcase name="shouldCountOpenActivities()" classname="SabanaResearchTest" time="0.035"/>
  <system-out><![CDATA[]]></system-out>
  <system-err><![CDATA[]]></system-err>
</testsuite>
